/usr/lib/python3/dist-packages/pkg_resources/__init__.py:116: PkgResourcesDeprecationWarning: 1.1build1 is an invalid version and will not be supported in a future release
  warnings.warn(
/usr/lib/python3/dist-packages/pkg_resources/__init__.py:116: PkgResourcesDeprecationWarning: 0.1.43ubuntu1 is an invalid version and will not be supported in a future release
  warnings.warn(
/usr/lib/python3/dist-packages/pkg_resources/__init__.py:116: PkgResourcesDeprecationWarning: 1.1build1 is an invalid version and will not be supported in a future release
  warnings.warn(
/usr/lib/python3/dist-packages/pkg_resources/__init__.py:116: PkgResourcesDeprecationWarning: 0.1.43ubuntu1 is an invalid version and will not be supported in a future release
  warnings.warn(
System check identified some issues:

WARNINGS:
?: (djstripe.W003) DJSTRIPE_WEBHOOK_SECRET does not look valid
	HINT: It should start with whsec_...

System check identified 1 issue (0 silenced).
[06/Aug/2023 14:56:23] "GET /admin/ HTTP/1.1" 200 23619
[06/Aug/2023 14:56:24] "GET /favicon.ico HTTP/1.1" 200 514
[06/Aug/2023 14:56:37] "GET /admin/sites/site/ HTTP/1.1" 200 5268
[06/Aug/2023 14:56:37] "GET /static/admin/css/changelists.f6dc691f8d62.css HTTP/1.1" 200 1492
[06/Aug/2023 14:56:37] "GET /static/admin/js/jquery.init.95b62fa19378.js HTTP/1.1" 200 240
[06/Aug/2023 14:56:37] "GET /static/admin/js/vendor/jquery/jquery.min.dc5e7f18c8d3.js HTTP/1.1" 200 30879
[06/Aug/2023 14:56:37] "GET /static/admin/js/core.a004ed25a257.js HTTP/1.1" 200 1834
[06/Aug/2023 14:56:37] "GET /static/admin/js/admin/RelatedObjectLookups.ea0683bea064.js HTTP/1.1" 200 1845
[06/Aug/2023 14:56:38] "GET /static/admin/js/actions.min.5fa8cb0403f1.js HTTP/1.1" 200 1122
[06/Aug/2023 14:56:38] "GET /admin/jsi18n/ HTTP/1.1" 200 3223
[06/Aug/2023 14:56:38] "GET /static/admin/js/urlify.67bae52223e0.js HTTP/1.1" 200 2925
[06/Aug/2023 14:56:38] "GET /static/admin/js/vendor/xregexp/xregexp.min.c95393b8ca4d.js HTTP/1.1" 200 23476
[06/Aug/2023 14:56:38] "GET /static/admin/js/prepopulate.min.85fd5e0fb706.js HTTP/1.1" 200 247
[06/Aug/2023 14:56:38] "GET /static/admin/img/search.7cf54ff789c6.svg HTTP/1.1" 200 264
[06/Aug/2023 14:56:38] "GET /static/admin/img/sorting-icons.3a097b59f104.svg HTTP/1.1" 200 366
[06/Aug/2023 14:56:38] "GET /static/admin/img/tooltag-add.e59d620a9742.svg HTTP/1.1" 200 203
[06/Aug/2023 14:56:39] "GET /favicon.ico HTTP/1.1" 200 514
[06/Aug/2023 14:56:41] "GET /admin/sites/ HTTP/1.1" 200 2443
[06/Aug/2023 14:56:41] "GET /favicon.ico HTTP/1.1" 200 514
[06/Aug/2023 14:56:44] "GET /admin/ HTTP/1.1" 200 23619
[06/Aug/2023 14:56:44] "GET /favicon.ico HTTP/1.1" 200 514
[06/Aug/2023 14:56:53] "GET /admin/account/emailaddress/ HTTP/1.1" 200 8208
[06/Aug/2023 14:56:53] "GET /static/admin/img/icon-yes.d2f9f035226a.svg HTTP/1.1" 200 266
[06/Aug/2023 14:56:53] "GET /static/admin/img/icon-no.439e821418cd.svg HTTP/1.1" 200 297
[06/Aug/2023 14:56:53] "GET /admin/jsi18n/ HTTP/1.1" 200 3223
[06/Aug/2023 14:56:54] "GET /favicon.ico HTTP/1.1" 200 514
[06/Aug/2023 14:56:57] "GET /admin/account/emailaddress/add/ HTTP/1.1" 200 5589
[06/Aug/2023 14:56:58] "GET /static/admin/css/forms.31b2f650d92e.css HTTP/1.1" 200 2133
[06/Aug/2023 14:56:58] "GET /static/admin/js/change_form.9e85003a1a38.js HTTP/1.1" 200 369
[06/Aug/2023 14:56:58] "GET /static/admin/js/prepopulate_init.0d3b53c37074.js HTTP/1.1" 200 270
[06/Aug/2023 14:56:58] "GET /static/admin/css/widgets.5e372b41c483.css HTTP/1.1" 200 2303
[06/Aug/2023 14:56:58] "GET /admin/jsi18n/ HTTP/1.1" 200 3223
[06/Aug/2023 14:56:59] "GET /favicon.ico HTTP/1.1" 200 514
[06/Aug/2023 14:57:06] "POST /admin/account/emailaddress/add/ HTTP/1.1" 200 5777
[06/Aug/2023 14:57:07] "GET /admin/jsi18n/ HTTP/1.1" 200 3223
[06/Aug/2023 14:57:08] "GET /favicon.ico HTTP/1.1" 200 514
[06/Aug/2023 14:57:14] "GET /admin/users/user/?_to_field=id&_popup=1 HTTP/1.1" 200 7646
[06/Aug/2023 14:57:14] "GET /favicon.ico HTTP/1.1" 200 514
[06/Aug/2023 14:57:18] "POST /admin/account/emailaddress/add/ HTTP/1.1" 302 0
[06/Aug/2023 14:57:19] "GET /admin/account/emailaddress/ HTTP/1.1" 200 8911
[06/Aug/2023 14:57:20] "GET /admin/jsi18n/ HTTP/1.1" 200 3223
[06/Aug/2023 14:57:21] "GET /favicon.ico HTTP/1.1" 200 514
Performing system checks...

August 06, 2023 - 14:56:13
Django version 2.2.28, using settings 'wash_and_fold_34887.settings'
Starting development server at http://0.0.0.0:8000/
Quit the server with CONTROL-C.
/usr/lib/python3/dist-packages/pkg_resources/__init__.py:116: PkgResourcesDeprecationWarning: 1.1build1 is an invalid version and will not be supported in a future release
  warnings.warn(
/usr/lib/python3/dist-packages/pkg_resources/__init__.py:116: PkgResourcesDeprecationWarning: 0.1.43ubuntu1 is an invalid version and will not be supported in a future release
  warnings.warn(
/usr/lib/python3/dist-packages/pkg_resources/__init__.py:116: PkgResourcesDeprecationWarning: 1.1build1 is an invalid version and will not be supported in a future release
  warnings.warn(
/usr/lib/python3/dist-packages/pkg_resources/__init__.py:116: PkgResourcesDeprecationWarning: 0.1.43ubuntu1 is an invalid version and will not be supported in a future release
  warnings.warn(
System check identified some issues:

WARNINGS:
?: (djstripe.W003) DJSTRIPE_WEBHOOK_SECRET does not look valid
	HINT: It should start with whsec_...

System check identified 1 issue (0 silenced).
[06/Aug/2023 14:58:32] "GET /admin/ HTTP/1.1" 200 23972
[06/Aug/2023 14:58:33] "GET /favicon.ico HTTP/1.1" 200 514
[06/Aug/2023 14:58:41] "GET /admin/ HTTP/1.1" 200 23972
[06/Aug/2023 14:58:41] "GET /favicon.ico HTTP/1.1" 200 514
[06/Aug/2023 15:00:03] "GET / HTTP/1.1" 200 6001
[06/Aug/2023 15:00:03] "GET /static/css/main.88143633ba94.css HTTP/1.1" 200 255
[06/Aug/2023 15:00:04] "GET /static/img/slack-app-pencil.db8289206f23.png HTTP/1.1" 200 6954
[06/Aug/2023 15:00:04] "GET /favicon.ico HTTP/1.1" 200 514
[06/Aug/2023 16:26:55] "GET / HTTP/1.1" 200 6001
[06/Aug/2023 16:26:56] "GET /favicon.ico HTTP/1.1" 200 514
[06/Aug/2023 16:28:29] "GET / HTTP/1.1" 200 6041
[06/Aug/2023 16:28:29] "GET /static/css/main.88143633ba94.css HTTP/1.1" 200 255
[06/Aug/2023 16:28:29] "GET /static/img/slack-app-pencil.db8289206f23.png HTTP/1.1" 200 6954
[06/Aug/2023 16:28:30] "GET /favicon.ico HTTP/1.1" 200 514
[06/Aug/2023 16:28:38] "GET //admin HTTP/1.1" 200 514
[06/Aug/2023 16:28:40] "GET /favicon.ico HTTP/1.1" 200 514
[06/Aug/2023 16:28:48] "GET /admin/ HTTP/1.1" 302 0
[06/Aug/2023 16:28:49] "GET /admin/login/?next=/admin/ HTTP/1.1" 200 1843
[06/Aug/2023 16:28:50] "GET /static/admin/css/base.ae33e6383baa.css HTTP/1.1" 200 3913
[06/Aug/2023 16:28:50] "GET /static/admin/css/login.252ffabd6548.css HTTP/1.1" 200 498
[06/Aug/2023 16:28:50] "GET /static/admin/css/responsive.3a465780d49f.css HTTP/1.1" 200 3300
[06/Aug/2023 16:28:51] "GET /static/admin/css/fonts.168bab448fee.css HTTP/1.1" 200 189
[06/Aug/2023 16:28:52] "GET /favicon.ico HTTP/1.1" 200 514
[06/Aug/2023 16:28:53] "GET /static/admin/fonts/Roboto-Regular-webfont.35b07eb2f871.woff HTTP/1.1" 200 85876
[06/Aug/2023 16:28:55] "GET /static/admin/fonts/Roboto-Light-webfont.c73eb1ceba33.woff HTTP/1.1" 200 85692
[06/Aug/2023 16:29:03] "POST /admin/login/?next=/admin/ HTTP/1.1" 200 2003
[06/Aug/2023 16:29:06] "GET /static/admin/fonts/Roboto-Bold-webfont.50d75e48e0a3.woff HTTP/1.1" 200 86184
[06/Aug/2023 16:29:07] "GET /favicon.ico HTTP/1.1" 200 514
[06/Aug/2023 16:29:15] "POST /admin/login/?next=/admin/ HTTP/1.1" 200 2003
[06/Aug/2023 16:29:16] "GET /favicon.ico HTTP/1.1" 200 514
[06/Aug/2023 16:33:25] "POST /admin/login/?next=/admin/ HTTP/1.1" 200 2003
[06/Aug/2023 16:33:26] "GET /favicon.ico HTTP/1.1" 200 514
----------------------------------------
Exception occurred during processing of request from ('111.88.221.209', 40494)
Traceback (most recent call last):
  File "/usr/lib/python3.10/socketserver.py", line 683, in process_request_thread
    self.finish_request(request, client_address)
  File "/usr/lib/python3.10/socketserver.py", line 360, in finish_request
    self.RequestHandlerClass(request, client_address, self)
  File "/usr/lib/python3.10/socketserver.py", line 747, in __init__
    self.handle()
  File "/home/ubuntu/.local/lib/python3.10/site-packages/django/core/servers/basehttp.py", line 171, in handle
    self.handle_one_request()
  File "/home/ubuntu/.local/lib/python3.10/site-packages/django/core/servers/basehttp.py", line 179, in handle_one_request
    self.raw_requestline = self.rfile.readline(65537)
  File "/usr/lib/python3.10/socket.py", line 705, in readinto
    return self._sock.recv_into(b)
ConnectionResetError: [Errno 104] Connection reset by peer
----------------------------------------
----------------------------------------
Exception occurred during processing of request from ('111.88.221.209', 40493)
Traceback (most recent call last):
  File "/usr/lib/python3.10/socketserver.py", line 683, in process_request_thread
    self.finish_request(request, client_address)
  File "/usr/lib/python3.10/socketserver.py", line 360, in finish_request
    self.RequestHandlerClass(request, client_address, self)
  File "/usr/lib/python3.10/socketserver.py", line 747, in __init__
    self.handle()
  File "/home/ubuntu/.local/lib/python3.10/site-packages/django/core/servers/basehttp.py", line 169, in handle
    self.handle_one_request()
  File "/home/ubuntu/.local/lib/python3.10/site-packages/django/core/servers/basehttp.py", line 179, in handle_one_request
    self.raw_requestline = self.rfile.readline(65537)
  File "/usr/lib/python3.10/socket.py", line 705, in readinto
    return self._sock.recv_into(b)
ConnectionResetError: [Errno 104] Connection reset by peer
----------------------------------------
[06/Aug/2023 16:40:28] "GET / HTTP/1.1" 200 6041
[06/Aug/2023 16:40:29] "GET /favicon.ico HTTP/1.1" 200 514
[06/Aug/2023 16:40:30] "GET / HTTP/1.1" 200 6041
[06/Aug/2023 16:40:31] "GET /favicon.ico HTTP/1.1" 200 514
[06/Aug/2023 16:40:42] "GET /admin/ HTTP/1.1" 302 0
[06/Aug/2023 16:40:43] "GET /admin/login/?next=/admin/ HTTP/1.1" 200 1843
[06/Aug/2023 16:40:44] "GET /favicon.ico HTTP/1.1" 200 514
[06/Aug/2023 16:40:49] "POST /admin/login/?next=/admin/ HTTP/1.1" 200 2003
[06/Aug/2023 16:40:50] "GET /favicon.ico HTTP/1.1" 200 514
[06/Aug/2023 16:40:57] "POST /admin/login/?next=/admin/ HTTP/1.1" 302 0
[06/Aug/2023 16:40:59] "GET /admin/ HTTP/1.1" 200 23954
[06/Aug/2023 16:40:59] "GET /static/admin/css/dashboard.7ac78187c567.css HTTP/1.1" 200 251
[06/Aug/2023 16:41:00] "GET /static/admin/img/icon-changelink.18d2fd706348.svg HTTP/1.1" 200 269
[06/Aug/2023 16:41:00] "GET /static/admin/img/icon-addlink.d519b3bab011.svg HTTP/1.1" 200 206
[06/Aug/2023 16:41:00] "GET /static/admin/img/icon-viewlink.41eb31f7826e.svg HTTP/1.1" 200 346
[06/Aug/2023 16:41:01] "GET /favicon.ico HTTP/1.1" 200 514
[06/Aug/2023 16:49:16] "GET /admin/ HTTP/1.1" 200 23972
[06/Aug/2023 16:49:17] "GET /favicon.ico HTTP/1.1" 200 514
[06/Aug/2023 16:49:51] "GET /admin/djstripe/refund/ HTTP/1.1" 200 5891
[06/Aug/2023 16:49:51] "GET /admin/jsi18n/ HTTP/1.1" 200 3223
[06/Aug/2023 16:49:52] "GET /favicon.ico HTTP/1.1" 200 514
[06/Aug/2023 16:49:56] "GET /admin/ HTTP/1.1" 200 23972
[06/Aug/2023 16:49:57] "GET /favicon.ico HTTP/1.1" 200 514
[06/Aug/2023 17:57:02] code 400, message Bad request version ('À(À$À\x14À')
[06/Aug/2023 17:57:02] You're accessing the development server over HTTPS, but it only supports HTTP.

[06/Aug/2023 18:24:29] "GET / HTTP/1.1" 200 6041
[06/Aug/2023 18:52:59] "GET / HTTP/1.1" 200 6041
----------------------------------------
Exception occurred during processing of request from ('111.88.221.209', 41959)
Traceback (most recent call last):
  File "/usr/lib/python3.10/socketserver.py", line 683, in process_request_thread
    self.finish_request(request, client_address)
  File "/usr/lib/python3.10/socketserver.py", line 360, in finish_request
    self.RequestHandlerClass(request, client_address, self)
  File "/usr/lib/python3.10/socketserver.py", line 747, in __init__
    self.handle()
  File "/home/ubuntu/.local/lib/python3.10/site-packages/django/core/servers/basehttp.py", line 169, in handle
    self.handle_one_request()
  File "/home/ubuntu/.local/lib/python3.10/site-packages/django/core/servers/basehttp.py", line 179, in handle_one_request
    self.raw_requestline = self.rfile.readline(65537)
  File "/usr/lib/python3.10/socket.py", line 705, in readinto
    return self._sock.recv_into(b)
ConnectionResetError: [Errno 104] Connection reset by peer
----------------------------------------
----------------------------------------
Exception occurred during processing of request from ('111.88.221.209', 41960)
Traceback (most recent call last):
  File "/usr/lib/python3.10/socketserver.py", line 683, in process_request_thread
    self.finish_request(request, client_address)
  File "/usr/lib/python3.10/socketserver.py", line 360, in finish_request
    self.RequestHandlerClass(request, client_address, self)
  File "/usr/lib/python3.10/socketserver.py", line 747, in __init__
    self.handle()
  File "/home/ubuntu/.local/lib/python3.10/site-packages/django/core/servers/basehttp.py", line 169, in handle
    self.handle_one_request()
  File "/home/ubuntu/.local/lib/python3.10/site-packages/django/core/servers/basehttp.py", line 179, in handle_one_request
    self.raw_requestline = self.rfile.readline(65537)
  File "/usr/lib/python3.10/socket.py", line 705, in readinto
    return self._sock.recv_into(b)
ConnectionResetError: [Errno 104] Connection reset by peer
----------------------------------------
[06/Aug/2023 19:56:18] "GET / HTTP/1.1" 200 6041
[06/Aug/2023 22:55:37] code 400, message Bad HTTP/0.9 request type ('\x16\x03\x01\x00{\x01\x00\x00w\x03\x03')
[06/Aug/2023 22:55:37] You're accessing the development server over HTTPS, but it only supports HTTP.

[06/Aug/2023 23:42:33] code 400, message Bad request syntax ('MGLNDD_54.200.114.52_8000')
[06/Aug/2023 23:42:33] "MGLNDD_54.200.114.52_8000" 400 -
[07/Aug/2023 02:27:38] "GET / HTTP/1.1" 200 6041
[07/Aug/2023 03:00:34] "GET / HTTP/1.1" 200 6041
[07/Aug/2023 10:20:47] "GET / HTTP/1.1" 200 6041
[07/Aug/2023 10:21:19] "GET /favicon.ico HTTP/1.1" 200 514
[07/Aug/2023 10:21:42] "GET http://api.ipify.org/?format=json HTTP/1.1" 404 77
[07/Aug/2023 10:22:05] "CONNECT www.shadowserver.org:443 HTTP/1.1" 404 77
[07/Aug/2023 10:36:51] "GET / HTTP/1.1" 200 6041
[07/Aug/2023 10:53:56] code 400, message Bad request version ('À\x14À')
[07/Aug/2023 10:53:56] You're accessing the development server over HTTPS, but it only supports HTTP.

----------------------------------------
Exception occurred during processing of request from ('45.33.87.154', 51192)
Traceback (most recent call last):
  File "/usr/lib/python3.10/socketserver.py", line 683, in process_request_thread
    self.finish_request(request, client_address)
  File "/usr/lib/python3.10/socketserver.py", line 360, in finish_request
    self.RequestHandlerClass(request, client_address, self)
  File "/usr/lib/python3.10/socketserver.py", line 747, in __init__
    self.handle()
  File "/home/ubuntu/.local/lib/python3.10/site-packages/django/core/servers/basehttp.py", line 169, in handle
    self.handle_one_request()
  File "/home/ubuntu/.local/lib/python3.10/site-packages/django/core/servers/basehttp.py", line 179, in handle_one_request
    self.raw_requestline = self.rfile.readline(65537)
  File "/usr/lib/python3.10/socket.py", line 705, in readinto
    return self._sock.recv_into(b)
ConnectionResetError: [Errno 104] Connection reset by peer
----------------------------------------
----------------------------------------
Exception occurred during processing of request from ('45.33.87.154', 51196)
Traceback (most recent call last):
  File "/usr/lib/python3.10/socketserver.py", line 683, in process_request_thread
    self.finish_request(request, client_address)
  File "/usr/lib/python3.10/socketserver.py", line 360, in finish_request
    self.RequestHandlerClass(request, client_address, self)
  File "/usr/lib/python3.10/socketserver.py", line 747, in __init__
    self.handle()
  File "/home/ubuntu/.local/lib/python3.10/site-packages/django/core/servers/basehttp.py", line 169, in handle
    self.handle_one_request()
  File "/home/ubuntu/.local/lib/python3.10/site-packages/django/core/servers/basehttp.py", line 179, in handle_one_request
    self.raw_requestline = self.rfile.readline(65537)
  File "/usr/lib/python3.10/socket.py", line 705, in readinto
    return self._sock.recv_into(b)
ConnectionResetError: [Errno 104] Connection reset by peer
----------------------------------------
----------------------------------------
Exception occurred during processing of request from ('167.248.133.126', 52284)
Traceback (most recent call last):
  File "/usr/lib/python3.10/socketserver.py", line 683, in process_request_thread
    self.finish_request(request, client_address)
  File "/usr/lib/python3.10/socketserver.py", line 360, in finish_request
    self.RequestHandlerClass(request, client_address, self)
  File "/usr/lib/python3.10/socketserver.py", line 747, in __init__
    self.handle()
  File "/home/ubuntu/.local/lib/python3.10/site-packages/django/core/servers/basehttp.py", line 169, in handle
    self.handle_one_request()
  File "/home/ubuntu/.local/lib/python3.10/site-packages/django/core/servers/basehttp.py", line 179, in handle_one_request
    self.raw_requestline = self.rfile.readline(65537)
  File "/usr/lib/python3.10/socket.py", line 705, in readinto
    return self._sock.recv_into(b)
ConnectionResetError: [Errno 104] Connection reset by peer
----------------------------------------
[07/Aug/2023 11:04:57] "GET / HTTP/1.1" 200 6041
----------------------------------------
Exception occurred during processing of request from ('167.248.133.126', 36406)
Traceback (most recent call last):
  File "/usr/lib/python3.10/socketserver.py", line 683, in process_request_thread
    self.finish_request(request, client_address)
  File "/usr/lib/python3.10/socketserver.py", line 360, in finish_request
    self.RequestHandlerClass(request, client_address, self)
  File "/usr/lib/python3.10/socketserver.py", line 747, in __init__
    self.handle()
  File "/home/ubuntu/.local/lib/python3.10/site-packages/django/core/servers/basehttp.py", line 171, in handle
    self.handle_one_request()
  File "/home/ubuntu/.local/lib/python3.10/site-packages/django/core/servers/basehttp.py", line 179, in handle_one_request
    self.raw_requestline = self.rfile.readline(65537)
  File "/usr/lib/python3.10/socket.py", line 705, in readinto
    return self._sock.recv_into(b)
ConnectionResetError: [Errno 104] Connection reset by peer
----------------------------------------
[07/Aug/2023 11:04:58] "GET / HTTP/1.1" 200 6041
[07/Aug/2023 11:04:58] code 505, message Invalid HTTP version (2.0)
[07/Aug/2023 11:04:58] "PRI * HTTP/2.0" 505 -
[07/Aug/2023 11:04:58] "GET /favicon.ico HTTP/1.1" 200 514
[07/Aug/2023 12:53:08] "POST /api/v1/users/login/ HTTP/1.1" 200 782
[07/Aug/2023 12:53:12] "PATCH /api/v1/users/6aec80b3-c809-403b-89e5-00cd2fd9ee31/ HTTP/1.1" 200 885
[07/Aug/2023 12:53:12] "GET /api/v1/items/ HTTP/1.1" 200 2
[07/Aug/2023 12:53:12] "GET /api/v1/notifications/ HTTP/1.1" 200 2
[07/Aug/2023 12:53:12] "GET /api/v1/extra-services/ HTTP/1.1" 200 2
[07/Aug/2023 12:53:13] "GET /api/v1/payments/my_cards/ HTTP/1.1" 200 72
[07/Aug/2023 12:53:14] "GET /api/v1/orders/ HTTP/1.1" 200 2
[07/Aug/2023 12:53:14] "GET /api/v1/orders/?status=Pending HTTP/1.1" 200 2
[07/Aug/2023 12:53:35] "PATCH /api/v1/users/6aec80b3-c809-403b-89e5-00cd2fd9ee31/ HTTP/1.1" 200 887
[07/Aug/2023 12:53:37] "GET /api/v1/users/account/ HTTP/1.1" 500 27
[07/Aug/2023 12:53:43] "PATCH /api/v1/users/6aec80b3-c809-403b-89e5-00cd2fd9ee31/ HTTP/1.1" 200 887
[07/Aug/2023 12:53:45] "GET /api/v1/users/account/ HTTP/1.1" 500 27
[07/Aug/2023 12:54:28] "PATCH /api/v1/users/6aec80b3-c809-403b-89e5-00cd2fd9ee31/ HTTP/1.1" 200 887
[07/Aug/2023 12:54:30] "GET /api/v1/users/account/ HTTP/1.1" 500 27
[07/Aug/2023 12:56:30] "POST /api/v1/users/ HTTP/1.1" 400 58
[07/Aug/2023 12:56:59] "POST /api/v1/users/ HTTP/1.1" 201 494
[07/Aug/2023 12:57:01] "GET /api/v1/items/ HTTP/1.1" 200 2
[07/Aug/2023 12:57:02] "GET /api/v1/notifications/ HTTP/1.1" 200 2
[07/Aug/2023 12:57:03] "GET /api/v1/payments/my_cards/ HTTP/1.1" 200 72
[07/Aug/2023 12:58:33] "PATCH /api/v1/users/76e5c078-e5d4-4d92-bec8-0517440a5ac5/ HTTP/1.1" 400 109
[07/Aug/2023 12:59:25] "POST /api/v1/users/login/ HTTP/1.1" 200 491
[07/Aug/2023 12:59:28] "PATCH /api/v1/users/76e5c078-e5d4-4d92-bec8-0517440a5ac5/ HTTP/1.1" 200 594
[07/Aug/2023 12:59:28] "GET /api/v1/notifications/ HTTP/1.1" 200 2
[07/Aug/2023 12:59:28] "GET /api/v1/items/ HTTP/1.1" 200 2
[07/Aug/2023 12:59:28] "GET /api/v1/extra-services/ HTTP/1.1" 200 2
[07/Aug/2023 12:59:28] "GET /api/v1/payments/my_cards/ HTTP/1.1" 200 72
[07/Aug/2023 13:00:23] "PATCH /api/v1/users/76e5c078-e5d4-4d92-bec8-0517440a5ac5/ HTTP/1.1" 200 725
[07/Aug/2023 13:00:42] "GET /api/v1/orders/ HTTP/1.1" 200 2
[07/Aug/2023 13:01:03] "GET /api/v1/orders/ HTTP/1.1" 200 2
[07/Aug/2023 13:01:22] "GET /api/v1/orders/ HTTP/1.1" 200 2
[07/Aug/2023 13:01:49] "GET /api/v1/orders/ HTTP/1.1" 200 2
[07/Aug/2023 13:02:02] "GET /api/v1/orders/ HTTP/1.1" 200 2
[07/Aug/2023 13:58:13] code 400, message Bad request syntax ('JDWP-Handshake')
[07/Aug/2023 13:58:13] "JDWP-Handshake" 400 -
[07/Aug/2023 14:45:36] "GET / HTTP/1.1" 200 6041
[07/Aug/2023 14:59:46] "GET /api/v1/orders/ HTTP/1.1" 200 2
[07/Aug/2023 15:20:36] "GET /api/v1/orders/ HTTP/1.1" 200 2
[07/Aug/2023 15:34:03] "PATCH /api/v1/users/76e5c078-e5d4-4d92-bec8-0517440a5ac5/ HTTP/1.1" 200 747
[07/Aug/2023 15:34:10] "PATCH /api/v1/users/76e5c078-e5d4-4d92-bec8-0517440a5ac5/ HTTP/1.1" 200 747
[07/Aug/2023 15:34:30] "GET /api/v1/notifications/read/ HTTP/1.1" 200 2
[07/Aug/2023 15:34:32] "GET /api/v1/notifications/ HTTP/1.1" 200 2
[07/Aug/2023 15:35:36] "GET /api/v1/orders/ HTTP/1.1" 200 2
[07/Aug/2023 15:35:48] "GET /api/v1/orders/ HTTP/1.1" 200 2
[07/Aug/2023 15:38:24] "POST /api/v1/payments/add_payment_method/ HTTP/1.1" 500 27
[07/Aug/2023 15:45:32] "POST /api/v1/users/login/ HTTP/1.1" 200 807
[07/Aug/2023 15:45:35] "PATCH /api/v1/users/76e5c078-e5d4-4d92-bec8-0517440a5ac5/ HTTP/1.1" 200 747
[07/Aug/2023 15:45:35] "GET /api/v1/items/ HTTP/1.1" 200 2
[07/Aug/2023 15:45:35] "GET /api/v1/notifications/ HTTP/1.1" 200 2
[07/Aug/2023 15:45:35] "GET /api/v1/extra-services/ HTTP/1.1" 200 2
[07/Aug/2023 15:45:35] "GET /api/v1/payments/my_cards/ HTTP/1.1" 200 72
[07/Aug/2023 15:46:35] "POST /api/v1/users/login/ HTTP/1.1" 200 807
[07/Aug/2023 15:46:37] "PATCH /api/v1/users/76e5c078-e5d4-4d92-bec8-0517440a5ac5/ HTTP/1.1" 200 747
[07/Aug/2023 15:46:38] "GET /api/v1/notifications/ HTTP/1.1" 200 2
[07/Aug/2023 15:46:38] "GET /api/v1/extra-services/ HTTP/1.1" 200 2
[07/Aug/2023 15:46:38] "GET /api/v1/items/ HTTP/1.1" 200 2
[07/Aug/2023 15:46:38] "GET /api/v1/payments/my_cards/ HTTP/1.1" 200 72
[07/Aug/2023 15:54:25] "POST /api/v1/users/login/ HTTP/1.1" 400 63
[07/Aug/2023 15:54:40] "POST /api/v1/users/login/ HTTP/1.1" 200 807
[07/Aug/2023 15:54:43] "PATCH /api/v1/users/76e5c078-e5d4-4d92-bec8-0517440a5ac5/ HTTP/1.1" 200 747
[07/Aug/2023 15:54:43] "GET /api/v1/extra-services/ HTTP/1.1" 200 2
[07/Aug/2023 15:54:43] "GET /api/v1/items/ HTTP/1.1" 200 2
[07/Aug/2023 15:54:43] "GET /api/v1/notifications/ HTTP/1.1" 200 2
[07/Aug/2023 15:54:43] "GET /api/v1/payments/my_cards/ HTTP/1.1" 200 72
[07/Aug/2023 16:23:08] "GET / HTTP/1.1" 200 6041
[07/Aug/2023 16:42:37] code 400, message Bad request version ('À\x13À')
[07/Aug/2023 16:42:37] You're accessing the development server over HTTPS, but it only supports HTTP.

[07/Aug/2023 16:42:39] code 400, message Bad request version ('À\x13À')
[07/Aug/2023 16:42:39] You're accessing the development server over HTTPS, but it only supports HTTP.

[07/Aug/2023 16:42:40] code 400, message Bad request version ('À\x13À')
[07/Aug/2023 16:42:40] You're accessing the development server over HTTPS, but it only supports HTTP.

[07/Aug/2023 16:42:41] code 400, message Bad request version ('À\x13À')
[07/Aug/2023 16:42:41] You're accessing the development server over HTTPS, but it only supports HTTP.

[07/Aug/2023 16:42:42] code 400, message Bad request version ('À\x13À')
[07/Aug/2023 16:42:42] You're accessing the development server over HTTPS, but it only supports HTTP.

[07/Aug/2023 18:01:53] code 400, message Bad request syntax ('JDWP-Handshake')
[07/Aug/2023 18:01:53] "JDWP-Handshake" 400 -
[07/Aug/2023 18:02:18] "GET / HTTP/1.1" 200 6041
[07/Aug/2023 19:48:28] "GET / HTTP/1.1" 200 6041
[07/Aug/2023 19:48:29] "GET /static/css/main.88143633ba94.css HTTP/1.1" 200 255
[07/Aug/2023 19:48:29] "GET /static/img/slack-app-pencil.db8289206f23.png HTTP/1.1" 200 6954
[07/Aug/2023 19:48:30] "GET /favicon.ico HTTP/1.1" 200 514
[07/Aug/2023 19:48:36] "GET /admin/ HTTP/1.1" 302 0
[07/Aug/2023 19:48:36] "GET /admin/login/?next=/admin/ HTTP/1.1" 200 1843
[07/Aug/2023 19:48:37] "GET /static/admin/css/base.ae33e6383baa.css HTTP/1.1" 200 3913
[07/Aug/2023 19:48:37] "GET /static/admin/css/login.252ffabd6548.css HTTP/1.1" 200 498
[07/Aug/2023 19:48:37] "GET /static/admin/css/responsive.3a465780d49f.css HTTP/1.1" 200 3300
[07/Aug/2023 19:48:37] "GET /static/admin/css/fonts.168bab448fee.css HTTP/1.1" 200 189
[07/Aug/2023 19:48:38] "GET /favicon.ico HTTP/1.1" 200 514
[07/Aug/2023 19:48:39] "GET /static/admin/fonts/Roboto-Regular-webfont.35b07eb2f871.woff HTTP/1.1" 200 85876
[07/Aug/2023 19:48:39] "GET /static/admin/fonts/Roboto-Light-webfont.c73eb1ceba33.woff HTTP/1.1" 200 85692
[07/Aug/2023 19:48:43] "POST /admin/login/?next=/admin/ HTTP/1.1" 302 0
[07/Aug/2023 19:48:45] "POST /admin/login/?next=/admin/ HTTP/1.1" 302 0
[07/Aug/2023 19:48:46] "GET /admin/ HTTP/1.1" 200 23954
[07/Aug/2023 19:48:47] "GET /static/admin/css/dashboard.7ac78187c567.css HTTP/1.1" 200 251
[07/Aug/2023 19:48:47] "GET /static/admin/img/icon-addlink.d519b3bab011.svg HTTP/1.1" 200 206
[07/Aug/2023 19:48:47] "GET /static/admin/img/icon-changelink.18d2fd706348.svg HTTP/1.1" 200 269
[07/Aug/2023 19:48:48] "GET /favicon.ico HTTP/1.1" 200 514
[07/Aug/2023 19:48:48] "GET /static/admin/img/icon-viewlink.41eb31f7826e.svg HTTP/1.1" 200 346
[07/Aug/2023 19:48:48] "GET /static/admin/fonts/Roboto-Bold-webfont.50d75e48e0a3.woff HTTP/1.1" 200 86184
[07/Aug/2023 19:48:58] "GET /admin/services/extraservice/ HTTP/1.1" 200 3367
[07/Aug/2023 19:48:58] "GET /static/admin/css/changelists.f6dc691f8d62.css HTTP/1.1" 200 1492
[07/Aug/2023 19:48:58] "GET /static/admin/js/vendor/jquery/jquery.min.dc5e7f18c8d3.js HTTP/1.1" 200 30879
[07/Aug/2023 19:48:58] "GET /static/admin/js/jquery.init.95b62fa19378.js HTTP/1.1" 200 240
[07/Aug/2023 19:48:58] "GET /static/admin/js/core.a004ed25a257.js HTTP/1.1" 200 1834
[07/Aug/2023 19:48:59] "GET /static/admin/js/admin/RelatedObjectLookups.ea0683bea064.js HTTP/1.1" 200 1845
[07/Aug/2023 19:48:59] "GET /admin/jsi18n/ HTTP/1.1" 200 3223
[07/Aug/2023 19:48:59] "GET /static/admin/js/actions.min.5fa8cb0403f1.js HTTP/1.1" 200 1122
[07/Aug/2023 19:48:59] "GET /static/admin/js/urlify.67bae52223e0.js HTTP/1.1" 200 2925
[07/Aug/2023 19:48:59] "GET /static/admin/js/prepopulate.min.85fd5e0fb706.js HTTP/1.1" 200 247
[07/Aug/2023 19:49:00] "GET /static/admin/js/vendor/xregexp/xregexp.min.c95393b8ca4d.js HTTP/1.1" 200 23476
[07/Aug/2023 19:49:00] "GET /static/admin/img/tooltag-add.e59d620a9742.svg HTTP/1.1" 200 203
[07/Aug/2023 19:49:01] "GET /favicon.ico HTTP/1.1" 200 514
[07/Aug/2023 19:49:04] "GET /admin/services/extraservice/add/ HTTP/1.1" 200 4658
[07/Aug/2023 19:49:04] "GET /static/admin/css/forms.31b2f650d92e.css HTTP/1.1" 200 2133
[07/Aug/2023 19:49:04] "GET /static/admin/js/prepopulate_init.0d3b53c37074.js HTTP/1.1" 200 270
[07/Aug/2023 19:49:04] "GET /static/admin/js/change_form.9e85003a1a38.js HTTP/1.1" 200 369
[07/Aug/2023 19:49:05] "GET /admin/jsi18n/ HTTP/1.1" 200 3223
[07/Aug/2023 19:49:05] "GET /static/admin/css/widgets.5e372b41c483.css HTTP/1.1" 200 2303
[07/Aug/2023 19:49:06] "GET /favicon.ico HTTP/1.1" 200 514
[07/Aug/2023 19:49:13] "GET /admin/ HTTP/1.1" 200 23954
[07/Aug/2023 19:49:14] "GET /favicon.ico HTTP/1.1" 200 514
[07/Aug/2023 19:49:20] "GET /admin/djstripe/webhookeventtrigger/ HTTP/1.1" 200 4533
[07/Aug/2023 19:49:21] "GET /admin/jsi18n/ HTTP/1.1" 200 3223
[07/Aug/2023 19:49:22] "GET /favicon.ico HTTP/1.1" 200 514
[07/Aug/2023 19:49:30] "GET /admin/djstripe/ HTTP/1.1" 200 12998
[07/Aug/2023 19:49:31] "GET /favicon.ico HTTP/1.1" 200 514
[07/Aug/2023 19:49:48] "GET /admin/djstripe/event/ HTTP/1.1" 200 5725
[07/Aug/2023 19:49:49] "GET /static/admin/img/search.7cf54ff789c6.svg HTTP/1.1" 200 264
[07/Aug/2023 19:49:49] "GET /admin/jsi18n/ HTTP/1.1" 200 3223
[07/Aug/2023 19:49:50] "GET /favicon.ico HTTP/1.1" 200 514
[07/Aug/2023 19:49:55] "GET /admin/djstripe/event/?q= HTTP/1.1" 200 5844
[07/Aug/2023 19:49:56] "GET /admin/jsi18n/ HTTP/1.1" 200 3223
[07/Aug/2023 19:49:57] "GET /favicon.ico HTTP/1.1" 200 514
[07/Aug/2023 19:50:00] "GET /admin/djstripe/event/ HTTP/1.1" 200 5725
[07/Aug/2023 19:50:00] "GET /favicon.ico HTTP/1.1" 200 514
[07/Aug/2023 19:50:03] "GET /admin/djstripe/ HTTP/1.1" 200 12998
[07/Aug/2023 19:50:03] "GET /favicon.ico HTTP/1.1" 200 514
[07/Aug/2023 19:50:15] "GET /admin/djstripe/webhookeventtrigger/ HTTP/1.1" 200 4533
[07/Aug/2023 19:50:15] "GET /favicon.ico HTTP/1.1" 200 514
[07/Aug/2023 19:50:18] "GET /admin/ HTTP/1.1" 200 23954
[07/Aug/2023 19:50:19] "GET /favicon.ico HTTP/1.1" 200 514
[07/Aug/2023 19:50:48] "GET /admin/order/item/add/ HTTP/1.1" 200 5067
[07/Aug/2023 19:50:49] "GET /admin/jsi18n/ HTTP/1.1" 200 3223
[07/Aug/2023 19:50:50] "GET /favicon.ico HTTP/1.1" 200 514
[07/Aug/2023 19:52:12] "POST /admin/order/item/add/ HTTP/1.1" 500 27
[07/Aug/2023 19:52:13] "GET /favicon.ico HTTP/1.1" 200 514
[07/Aug/2023 19:52:24] "GET /admin/order/item/add/ HTTP/1.1" 200 5067
[07/Aug/2023 19:52:25] "GET /favicon.ico HTTP/1.1" 200 514
[07/Aug/2023 19:52:47] "GET /admin/order/item/ HTTP/1.1" 200 3294
[07/Aug/2023 19:52:48] "GET /admin/jsi18n/ HTTP/1.1" 200 3223
[07/Aug/2023 19:52:49] "GET /favicon.ico HTTP/1.1" 200 514
[07/Aug/2023 19:52:52] "GET /admin/order/ HTTP/1.1" 200 3310
[07/Aug/2023 19:52:53] "GET /favicon.ico HTTP/1.1" 200 514
[07/Aug/2023 19:52:55] "GET /admin/order/orderitem/ HTTP/1.1" 200 3334
[07/Aug/2023 19:52:56] "GET /admin/jsi18n/ HTTP/1.1" 200 3223
[07/Aug/2023 19:52:57] "GET /favicon.ico HTTP/1.1" 200 514
[07/Aug/2023 19:53:01] "GET /admin/order/orderitem/add/ HTTP/1.1" 200 7549
[07/Aug/2023 19:53:01] "GET /static/admin/img/icon-deletelink.564ef9dc3854.svg HTTP/1.1" 200 221
[07/Aug/2023 19:53:02] "GET /admin/jsi18n/ HTTP/1.1" 200 3223
[07/Aug/2023 19:53:02] "GET /favicon.ico HTTP/1.1" 200 514
[07/Aug/2023 19:53:10] "GET /admin/order/order/add/?_to_field=id&_popup=1 HTTP/1.1" 200 16782
[07/Aug/2023 19:53:11] "GET /static/gis/css/ol3.3eed9b4a43c8.css HTTP/1.1" 200 297
[07/Aug/2023 19:53:11] "GET /static/admin/js/calendar.aae57adab5f6.js HTTP/1.1" 200 2086
[07/Aug/2023 19:53:11] "GET /static/admin/js/admin/DateTimeShortcuts.efa703f6f0b3.js HTTP/1.1" 200 3834
[07/Aug/2023 19:53:11] "GET /static/gis/js/OLMapWidget.fd309498192e.js HTTP/1.1" 200 2317
[07/Aug/2023 19:53:11] "GET /admin/jsi18n/ HTTP/1.1" 200 3223
[07/Aug/2023 19:53:16] "GET /static/admin/img/icon-calendar.ac7aea671bea.svg HTTP/1.1" 200 438
[07/Aug/2023 19:53:16] "GET /static/admin/img/icon-clock.e1d4dfac3f2b.svg HTTP/1.1" 200 357
[07/Aug/2023 19:53:16] "GET /favicon.ico HTTP/1.1" 200 514
[07/Aug/2023 19:54:10] "GET /admin/order/orderitem/ HTTP/1.1" 200 3334
[07/Aug/2023 19:54:11] "GET /admin/jsi18n/ HTTP/1.1" 200 3223
[07/Aug/2023 19:54:12] "GET /favicon.ico HTTP/1.1" 200 514
[07/Aug/2023 19:54:15] "GET /admin/order/orderitem/add/ HTTP/1.1" 200 7549
[07/Aug/2023 19:54:16] "GET /admin/jsi18n/ HTTP/1.1" 200 3223
[07/Aug/2023 19:54:17] "GET /favicon.ico HTTP/1.1" 200 514
[07/Aug/2023 19:54:22] "GET /admin/order/item/add/?_to_field=id&_popup=1 HTTP/1.1" 200 4141
[07/Aug/2023 19:54:23] "GET /admin/jsi18n/ HTTP/1.1" 200 3223
[07/Aug/2023 19:54:23] "GET /favicon.ico HTTP/1.1" 200 514
[07/Aug/2023 19:54:45] "POST /admin/order/item/add/?_to_field=id&_popup=1 HTTP/1.1" 500 27
[07/Aug/2023 19:54:46] "GET /favicon.ico HTTP/1.1" 200 514
[07/Aug/2023 19:55:08] "GET /admin/order/orderitem/ HTTP/1.1" 200 3334
[07/Aug/2023 19:55:11] "GET /admin/jsi18n/ HTTP/1.1" 200 3223
[07/Aug/2023 19:55:12] "GET /favicon.ico HTTP/1.1" 200 514
[07/Aug/2023 19:55:13] "GET /admin/order/ HTTP/1.1" 200 3310
[07/Aug/2023 19:55:14] "GET /favicon.ico HTTP/1.1" 200 514
[07/Aug/2023 19:55:16] "GET /admin/ HTTP/1.1" 200 23954
[07/Aug/2023 19:55:17] "GET /favicon.ico HTTP/1.1" 200 514
[07/Aug/2023 19:55:22] "GET /admin/auth/group/ HTTP/1.1" 200 3658
[07/Aug/2023 19:55:24] "GET /admin/jsi18n/ HTTP/1.1" 200 3223
[07/Aug/2023 19:55:24] "GET /favicon.ico HTTP/1.1" 200 514
[07/Aug/2023 19:55:28] "GET /admin/auth/group/add/ HTTP/1.1" 200 28350
[07/Aug/2023 19:55:28] "GET /static/admin/js/SelectFilter2.32ea9335ce47.js HTTP/1.1" 200 2749
[07/Aug/2023 19:55:29] "GET /admin/jsi18n/ HTTP/1.1" 200 3223
[07/Aug/2023 19:55:30] "GET /static/admin/img/icon-unknown.a18cb4398978.svg HTTP/1.1" 200 377
[07/Aug/2023 19:55:30] "GET /static/admin/img/selector-icons.b4555096cea2.svg HTTP/1.1" 200 770
[07/Aug/2023 19:55:30] "GET /static/admin/img/icon-unknown-alt.81536e128bb6.svg HTTP/1.1" 200 377
[07/Aug/2023 19:55:30] "GET /favicon.ico HTTP/1.1" 200 514
[07/Aug/2023 19:55:37] "GET /admin/auth/group/ HTTP/1.1" 200 3658
[07/Aug/2023 19:55:38] "GET /favicon.ico HTTP/1.1" 200 514
[07/Aug/2023 19:57:46] "GET /admin/ HTTP/1.1" 200 23954
[07/Aug/2023 19:57:47] "GET /favicon.ico HTTP/1.1" 200 514
[07/Aug/2023 20:14:53] "GET /admin/auth/group/ HTTP/1.1" 200 3658
[07/Aug/2023 20:14:54] "GET /admin/jsi18n/ HTTP/1.1" 200 3223
[07/Aug/2023 20:14:55] "GET /favicon.ico HTTP/1.1" 200 514
[07/Aug/2023 20:14:57] "GET /admin/ HTTP/1.1" 200 23954
[07/Aug/2023 20:14:58] "GET /favicon.ico HTTP/1.1" 200 514
[07/Aug/2023 20:15:06] "GET /admin/order/item/ HTTP/1.1" 200 3294
[07/Aug/2023 20:15:07] "GET /admin/jsi18n/ HTTP/1.1" 200 3223
[07/Aug/2023 20:15:08] "GET /favicon.ico HTTP/1.1" 200 514
[07/Aug/2023 20:15:10] "GET /admin/order/item/add/ HTTP/1.1" 200 5067
[07/Aug/2023 20:15:11] "GET /admin/jsi18n/ HTTP/1.1" 200 3223
[07/Aug/2023 20:15:12] "GET /favicon.ico HTTP/1.1" 200 514
[07/Aug/2023 20:16:28] "POST /admin/order/item/add/ HTTP/1.1" 200 5300
[07/Aug/2023 20:16:29] "GET /admin/jsi18n/ HTTP/1.1" 200 3223
[07/Aug/2023 20:16:30] "GET /favicon.ico HTTP/1.1" 200 514
[07/Aug/2023 20:17:09] "POST /admin/order/item/add/ HTTP/1.1" 500 27
[07/Aug/2023 20:17:09] "GET /favicon.ico HTTP/1.1" 200 514
[07/Aug/2023 20:18:06] "GET /admin/order/item/add/ HTTP/1.1" 200 5067
[07/Aug/2023 20:18:07] "GET /favicon.ico HTTP/1.1" 200 514
[07/Aug/2023 20:18:11] "GET / HTTP/1.1" 200 6001
[07/Aug/2023 20:18:11] "GET /favicon.ico HTTP/1.1" 200 514
[07/Aug/2023 20:18:15] "GET /admin/order/item/add/ HTTP/1.1" 200 5067
[07/Aug/2023 20:18:16] "GET /favicon.ico HTTP/1.1" 200 514
[07/Aug/2023 20:33:12] "POST /admin/order/item/add/ HTTP/1.1" 200 5300
[07/Aug/2023 20:33:13] "GET /admin/jsi18n/ HTTP/1.1" 200 3223
[07/Aug/2023 20:33:14] "GET /favicon.ico HTTP/1.1" 200 514
[07/Aug/2023 20:33:39] "POST /admin/order/item/add/ HTTP/1.1" 500 27
[07/Aug/2023 20:33:40] "GET /favicon.ico HTTP/1.1" 200 514
[07/Aug/2023 20:48:58] code 400, message Bad request version ("î\x00b\x00ÿ\x13\x02\x13\x01\x13\x03\x13\x04\x13\x05À,À0À\xadÀ¯À$À(Ì©Ì¨À+À/À¬À®À.À2À&À*À-À1À#À'À%À)\x00\x9f\x00£\x00k\x00j\x00\x9e\x00¢Ìª\x00g\x00@À")
[07/Aug/2023 20:48:58] You're accessing the development server over HTTPS, but it only supports HTTP.

[07/Aug/2023 20:48:58] "HEAD / HTTP/1.1" 200 6041
----------------------------------------
Exception occurred during processing of request from ('24.199.98.138', 59752)
Traceback (most recent call last):
  File "/usr/lib/python3.10/socketserver.py", line 683, in process_request_thread
    self.finish_request(request, client_address)
  File "/usr/lib/python3.10/socketserver.py", line 360, in finish_request
    self.RequestHandlerClass(request, client_address, self)
  File "/usr/lib/python3.10/socketserver.py", line 747, in __init__
    self.handle()
  File "/home/ubuntu/.local/lib/python3.10/site-packages/django/core/servers/basehttp.py", line 171, in handle
    self.handle_one_request()
  File "/home/ubuntu/.local/lib/python3.10/site-packages/django/core/servers/basehttp.py", line 179, in handle_one_request
    self.raw_requestline = self.rfile.readline(65537)
  File "/usr/lib/python3.10/socket.py", line 705, in readinto
    return self._sock.recv_into(b)
ConnectionResetError: [Errno 104] Connection reset by peer
----------------------------------------
[07/Aug/2023 20:48:58] "GET / HTTP/1.1" 200 6041
[07/Aug/2023 21:45:09] "GET /aaa9 HTTP/1.1" 200 514
[07/Aug/2023 21:45:09] "GET /aab8 HTTP/1.1" 200 514
[07/Aug/2023 21:45:10] "GET / HTTP/1.1" 200 6041
[07/Aug/2023 21:52:42] "POST /admin/order/item/add/ HTTP/1.1" 200 5300
[07/Aug/2023 21:52:43] "GET /admin/jsi18n/ HTTP/1.1" 200 3223
[07/Aug/2023 21:52:44] "GET /favicon.ico HTTP/1.1" 200 514
[07/Aug/2023 21:52:47] "GET /admin/order/item/ HTTP/1.1" 200 4517
[07/Aug/2023 21:52:48] "GET /admin/jsi18n/ HTTP/1.1" 200 3223
[07/Aug/2023 21:52:48] "GET /favicon.ico HTTP/1.1" 200 514
[07/Aug/2023 21:56:20] "POST /api/v1/users/login/ HTTP/1.1" 400 63
[07/Aug/2023 21:56:36] "POST /api/v1/users/login/ HTTP/1.1" 400 63
[07/Aug/2023 21:56:46] "POST /api/v1/users/login/ HTTP/1.1" 400 63
[07/Aug/2023 21:57:01] "POST /api/v1/users/login/ HTTP/1.1" 200 807
[07/Aug/2023 21:57:03] "PATCH /api/v1/users/76e5c078-e5d4-4d92-bec8-0517440a5ac5/ HTTP/1.1" 200 747
[07/Aug/2023 21:57:04] "GET /api/v1/extra-services/ HTTP/1.1" 200 2
[07/Aug/2023 21:57:04] "GET /api/v1/notifications/ HTTP/1.1" 200 2
[07/Aug/2023 21:57:04] "GET /api/v1/items/ HTTP/1.1" 200 163
[07/Aug/2023 21:57:04] "GET /api/v1/payments/my_cards/ HTTP/1.1" 200 72
[07/Aug/2023 22:05:31] code 400, message Bad HTTP/0.9 request type ('\x16\x03\x01\x00¡\x01\x00\x00\x9d\x03\x03îs\x95¥ÛSXúªG\x99®f\x9d«\x8fòèu\x8d\x13Ð\x81*¶%O¨')
[07/Aug/2023 22:05:31] You're accessing the development server over HTTPS, but it only supports HTTP.

Performing system checks...

August 06, 2023 - 14:58:28
Django version 2.2.28, using settings 'wash_and_fold_34887.settings'
Starting development server at http://0.0.0.0:8000/
Quit the server with CONTROL-C.
/usr/lib/python3/dist-packages/pkg_resources/__init__.py:116: PkgResourcesDeprecationWarning: 1.1build1 is an invalid version and will not be supported in a future release
  warnings.warn(
/usr/lib/python3/dist-packages/pkg_resources/__init__.py:116: PkgResourcesDeprecationWarning: 0.1.43ubuntu1 is an invalid version and will not be supported in a future release
  warnings.warn(
Traceback (most recent call last):
  File "/home/ubuntu/.local/lib/python3.10/site-packages/environ/environ.py", line 367, in get_value
    value = self.ENVIRON[var]
  File "/usr/lib/python3.10/os.py", line 680, in __getitem__
    raise KeyError(key) from None
KeyError: 'SECRET_KEY'

During handling of the above exception, another exception occurred:

Traceback (most recent call last):
  File "/home/ubuntu/wmart/manage.py", line 21, in <module>
    main()
  File "/home/ubuntu/wmart/manage.py", line 17, in main
    execute_from_command_line(sys.argv)
  File "/home/ubuntu/.local/lib/python3.10/site-packages/django/core/management/__init__.py", line 381, in execute_from_command_line
    utility.execute()
  File "/home/ubuntu/.local/lib/python3.10/site-packages/django/core/management/__init__.py", line 375, in execute
    self.fetch_command(subcommand).run_from_argv(self.argv)
  File "/home/ubuntu/.local/lib/python3.10/site-packages/django/core/management/base.py", line 323, in run_from_argv
    self.execute(*args, **cmd_options)
  File "/home/ubuntu/.local/lib/python3.10/site-packages/django/core/management/commands/runserver.py", line 60, in execute
    super().execute(*args, **options)
  File "/home/ubuntu/.local/lib/python3.10/site-packages/django/core/management/base.py", line 364, in execute
    output = self.handle(*args, **options)
  File "/home/ubuntu/.local/lib/python3.10/site-packages/django/core/management/commands/runserver.py", line 67, in handle
    if not settings.DEBUG and not settings.ALLOWED_HOSTS:
  File "/home/ubuntu/.local/lib/python3.10/site-packages/django/conf/__init__.py", line 79, in __getattr__
    self._setup(name)
  File "/home/ubuntu/.local/lib/python3.10/site-packages/django/conf/__init__.py", line 66, in _setup
    self._wrapped = Settings(settings_module)
  File "/home/ubuntu/.local/lib/python3.10/site-packages/django/conf/__init__.py", line 157, in __init__
    mod = importlib.import_module(self.SETTINGS_MODULE)
  File "/usr/lib/python3.10/importlib/__init__.py", line 126, in import_module
    return _bootstrap._gcd_import(name[level:], package, level)
  File "<frozen importlib._bootstrap>", line 1050, in _gcd_import
  File "<frozen importlib._bootstrap>", line 1027, in _find_and_load
  File "<frozen importlib._bootstrap>", line 1006, in _find_and_load_unlocked
  File "<frozen importlib._bootstrap>", line 688, in _load_unlocked
  File "<frozen importlib._bootstrap_external>", line 883, in exec_module
  File "<frozen importlib._bootstrap>", line 241, in _call_with_frames_removed
  File "/home/ubuntu/wmart/wash_and_fold_34887/settings.py", line 50, in <module>
    SECRET_KEY = env.str("SECRET_KEY")
  File "/home/ubuntu/.local/lib/python3.10/site-packages/environ/environ.py", line 191, in str
    value = self.get_value(var, cast=str, default=default)
  File "/home/ubuntu/.local/lib/python3.10/site-packages/environ/environ.py", line 371, in get_value
    raise ImproperlyConfigured(error_msg)
django.core.exceptions.ImproperlyConfigured: Set the SECRET_KEY environment variable
